2026-06-05 17:36:10,249 INFO o.a.j.u.JMeterUtils: Setting Locale to en_EN
2026-06-05 17:36:10,260 INFO o.a.j.JMeter: Loading user properties from: D:\Study\jmeter\apache-jmeter-5.1.1\bin\user.properties
2026-06-05 17:36:10,260 INFO o.a.j.JMeter: Loading system properties from: D:\Study\jmeter\apache-jmeter-5.1.1\bin\system.properties
2026-06-05 17:36:10,261 INFO o.a.j.JMeter: Setting JMeter property: threads=$Threads
2026-06-05 17:36:10,261 INFO o.a.j.JMeter: Setting JMeter property: rampup=$RampUp
2026-06-05 17:36:10,261 INFO o.a.j.JMeter: Setting JMeter property: loops=$Loops
2026-06-05 17:36:10,261 INFO o.a.j.JMeter: Setting JMeter property: jmeter=.save.saveservice.subresults=false
2026-06-05 17:36:10,265 INFO o.a.j.JMeter: Copyright (c) 1998-2019 The Apache Software Foundation
2026-06-05 17:36:10,266 INFO o.a.j.JMeter: Version 5.1.1 r1855137
2026-06-05 17:36:10,266 INFO o.a.j.JMeter: java.version=1.8.0_231
2026-06-05 17:36:10,266 INFO o.a.j.JMeter: java.vm.name=Java HotSpot(TM) 64-Bit Server VM
2026-06-05 17:36:10,266 INFO o.a.j.JMeter: os.name=Windows 10
2026-06-05 17:36:10,266 INFO o.a.j.JMeter: os.arch=amd64
2026-06-05 17:36:10,266 INFO o.a.j.JMeter: os.version=10.0
2026-06-05 17:36:10,266 INFO o.a.j.JMeter: file.encoding=GBK
2026-06-05 17:36:10,266 INFO o.a.j.JMeter: java.awt.headless=true
2026-06-05 17:36:10,266 INFO o.a.j.JMeter: Max memory     =1073741824
2026-06-05 17:36:10,266 INFO o.a.j.JMeter: Available Processors =12
2026-06-05 17:36:10,269 INFO o.a.j.JMeter: Default Locale=English (EN)
2026-06-05 17:36:10,270 INFO o.a.j.JMeter: JMeter  Locale=English (EN)
2026-06-05 17:36:10,270 INFO o.a.j.JMeter: JMeterHome=D:\Study\jmeter\apache-jmeter-5.1.1
2026-06-05 17:36:10,270 INFO o.a.j.JMeter: user.dir  =D:\Study\SoftwareTesting
2026-06-05 17:36:10,270 INFO o.a.j.JMeter: PWD       =D:\Study\SoftwareTesting
2026-06-05 17:36:10,272 INFO o.a.j.JMeter: IP: 198.18.0.1 Name: LAPTOP-2MPPKCCL FullName: LAPTOP-2MPPKCCL
2026-06-05 17:36:10,274 INFO o.a.j.JMeter: Setting property 'jmeter.reportgenerator.outputdir' to:'D:\Study\SoftwareTesting\FinalProject\data\phase3\jmeter\higher-001\html-report'
2026-06-05 17:36:10,276 INFO o.a.j.s.FileServer: Default base='D:\Study\SoftwareTesting'
2026-06-05 17:36:10,279 INFO o.a.j.s.FileServer: Set new base='D:\Study\SoftwareTesting\FinalProject\data\phase3\jmeter\higher-001'
2026-06-05 17:36:10,390 INFO o.a.j.s.SaveService: Testplan (JMX) version: 2.2. Testlog (JTL) version: 2.2
2026-06-05 17:36:10,400 INFO o.a.j.s.SaveService: Using SaveService properties file encoding UTF-8
2026-06-05 17:36:10,406 INFO o.a.j.s.SaveService: Using SaveService properties version 5.0
2026-06-05 17:36:10,410 INFO o.a.j.s.SaveService: Loading file: D:\Study\SoftwareTesting\FinalProject\data\phase3\jmeter\higher-001\effective-test-plan.jmx
2026-06-05 17:36:10,439 INFO o.a.j.p.h.c.CookieManager: Settings: Delete null: true Check: true Allow variable: true Save: false Prefix: COOKIE_
2026-06-05 17:36:10,453 INFO o.a.j.p.h.s.HTTPSamplerBase: Parser for text/html is org.apache.jmeter.protocol.http.parser.LagartoBasedHtmlParser
2026-06-05 17:36:10,454 INFO o.a.j.p.h.s.HTTPSamplerBase: Parser for application/xhtml+xml is org.apache.jmeter.protocol.http.parser.LagartoBasedHtmlParser
2026-06-05 17:36:10,454 INFO o.a.j.p.h.s.HTTPSamplerBase: Parser for application/xml is org.apache.jmeter.protocol.http.parser.LagartoBasedHtmlParser
2026-06-05 17:36:10,454 INFO o.a.j.p.h.s.HTTPSamplerBase: Parser for text/xml is org.apache.jmeter.protocol.http.parser.LagartoBasedHtmlParser
2026-06-05 17:36:10,454 INFO o.a.j.p.h.s.HTTPSamplerBase: Parser for text/vnd.wap.wml is org.apache.jmeter.protocol.http.parser.RegexpHTMLParser
2026-06-05 17:36:10,454 INFO o.a.j.p.h.s.HTTPSamplerBase: Parser for text/css is org.apache.jmeter.protocol.http.parser.CssParser
2026-06-05 17:36:10,481 INFO o.a.j.JMeter: Creating summariser <summary>
2026-06-05 17:36:10,486 INFO o.a.j.r.d.ReportGenerator: ReportGenerator will use for Parsing the separator: ','
2026-06-05 17:36:10,486 INFO o.a.j.r.d.ReportGenerator: Will generate report at end of test from  results file: D:\Study\SoftwareTesting\FinalProject\data\phase3\jmeter\higher-001\result.jtl
2026-06-05 17:36:10,486 INFO o.a.j.r.d.ReportGenerator: Reading report generator properties from: D:\Study\jmeter\apache-jmeter-5.1.1\bin\reportgenerator.properties
2026-06-05 17:36:10,487 INFO o.a.j.r.d.ReportGenerator: Merging with JMeter properties
2026-06-05 17:36:10,492 INFO o.a.j.r.c.ReportGeneratorConfiguration: Property 'jmeter.reportgenerator.temp_dir' not found, using default value 'temp' instead.
2026-06-05 17:36:10,495 INFO o.a.j.r.c.ReportGeneratorConfiguration: Property 'jmeter.reportgenerator.apdex_per_transaction' not found, using default value 'null' instead.
2026-06-05 17:36:10,495 INFO o.a.j.r.c.ReportGeneratorConfiguration: apdex_per_transaction : {} is empty, not APDEX per transaction customization
2026-06-05 17:36:10,495 INFO o.a.j.r.c.ReportGeneratorConfiguration: Property 'jmeter.reportgenerator.sample_filter' not found, using default value 'null' instead.
2026-06-05 17:36:10,495 INFO o.a.j.r.c.ReportGeneratorConfiguration: Property 'jmeter.reportgenerator.report_title' not found, using default value 'null' instead.
2026-06-05 17:36:10,495 INFO o.a.j.r.c.ReportGeneratorConfiguration: Property 'jmeter.reportgenerator.start_date' not found, using default value 'null' instead.
2026-06-05 17:36:10,495 INFO o.a.j.r.c.ReportGeneratorConfiguration: Property 'jmeter.reportgenerator.end_date' not found, using default value 'null' instead.
2026-06-05 17:36:10,496 INFO o.a.j.r.c.ReportGeneratorConfiguration: Property 'jmeter.reportgenerator.date_format' not found, using default value 'null' instead.
2026-06-05 17:36:10,496 INFO o.a.j.r.c.ReportGeneratorConfiguration: Will use date range start date: null, end date: null
2026-06-05 17:36:10,501 INFO o.a.j.r.c.ReportGeneratorConfiguration: Property 'jmeter.reportgenerator.graph.totalTPS.exclude_controllers' not found, using default value 'false' instead.
2026-06-05 17:36:10,501 INFO o.a.j.r.c.ReportGeneratorConfiguration: Property 'jmeter.reportgenerator.graph.activeThreadsOverTime.exclude_controllers' not found, using default value 'false' instead.
2026-06-05 17:36:10,501 INFO o.a.j.r.c.ReportGeneratorConfiguration: Property 'jmeter.reportgenerator.graph.timeVsThreads.exclude_controllers' not found, using default value 'false' instead.
2026-06-05 17:36:10,501 INFO o.a.j.r.c.ReportGeneratorConfiguration: Property 'jmeter.reportgenerator.graph.responseTimeDistribution.exclude_controllers' not found, using default value 'false' instead.
2026-06-05 17:36:10,501 INFO o.a.j.r.c.ReportGeneratorConfiguration: Property 'jmeter.reportgenerator.graph.transactionsPerSecond.exclude_controllers' not found, using default value 'false' instead.
2026-06-05 17:36:10,501 INFO o.a.j.r.c.ReportGeneratorConfiguration: Property 'jmeter.reportgenerator.graph.responseTimePercentiles.exclude_controllers' not found, using default value 'false' instead.
2026-06-05 17:36:10,501 INFO o.a.j.r.c.ReportGeneratorConfiguration: Property 'jmeter.reportgenerator.graph.responseTimePercentilesOverTime.exclude_controllers' not found, using default value 'false' instead.
2026-06-05 17:36:10,501 INFO o.a.j.r.c.ReportGeneratorConfiguration: Property 'jmeter.reportgenerator.graph.responseTimesOverTime.exclude_controllers' not found, using default value 'false' instead.
2026-06-05 17:36:10,502 INFO o.a.j.r.c.ReportGeneratorConfiguration: Property 'jmeter.reportgenerator.graph.connectTimeOverTime.exclude_controllers' not found, using default value 'false' instead.
2026-06-05 17:36:10,502 INFO o.a.j.r.c.ReportGeneratorConfiguration: Property 'jmeter.reportgenerator.graph.latenciesOverTime.exclude_controllers' not found, using default value 'false' instead.
2026-06-05 17:36:10,503 INFO o.a.j.r.c.ReportGeneratorConfiguration: Property 'jmeter.reportgenerator.exporter.json.filters_only_sample_series' not found, using default value 'true' instead.
2026-06-05 17:36:10,503 INFO o.a.j.r.c.ReportGeneratorConfiguration: Property 'jmeter.reportgenerator.exporter.json.series_filter' not found, using default value '' instead.
2026-06-05 17:36:10,503 INFO o.a.j.r.c.ReportGeneratorConfiguration: Property 'jmeter.reportgenerator.exporter.json.show_controllers_only' not found, using default value 'false' instead.
2026-06-05 17:36:10,504 INFO o.a.j.r.c.ReportGeneratorConfiguration: Property 'jmeter.reportgenerator.exporter.html.filters_only_sample_series' not found, using default value 'true' instead.
2026-06-05 17:36:10,508 INFO o.a.j.r.c.ReportGeneratorConfiguration: Property 'jmeter.reportgenerator.exporter.html.series_filter' not found, using default value '' instead.
2026-06-05 17:36:10,508 INFO o.a.j.r.c.ReportGeneratorConfiguration: Property 'jmeter.reportgenerator.exporter.html.show_controllers_only' not found, using default value 'false' instead.
2026-06-05 17:36:10,512 INFO o.a.j.e.StandardJMeterEngine: Running the test!
2026-06-05 17:36:10,512 INFO o.a.j.s.SampleEvent: List of sample_variables: []
2026-06-05 17:36:10,512 INFO o.a.j.s.SampleEvent: List of sample_variables: []
2026-06-05 17:36:10,517 INFO o.a.j.e.u.CompoundVariable: Note: Function class names must contain the string: '.functions.'
2026-06-05 17:36:10,517 INFO o.a.j.e.u.CompoundVariable: Note: Function class names must not contain the string: '.gui.'
2026-06-05 17:36:10,907 INFO o.a.j.JMeter: Running test (1780652170907)
2026-06-05 17:36:10,939 INFO o.a.j.e.StandardJMeterEngine: Starting ThreadGroup: 1 : Shopping Flow Thread Group
2026-06-05 17:36:10,939 INFO o.a.j.e.StandardJMeterEngine: Starting 20 threads for group Shopping Flow Thread Group.
2026-06-05 17:36:10,939 INFO o.a.j.e.StandardJMeterEngine: Thread will continue on error
2026-06-05 17:36:10,939 INFO o.a.j.t.ThreadGroup: Starting thread group... number=1 threads=20 ramp-up=30 delayedStart=false
2026-06-05 17:36:10,946 INFO o.a.j.t.JMeterThread: Thread started: Shopping Flow Thread Group 1-1
2026-06-05 17:36:10,958 INFO o.a.j.t.ThreadGroup: Started thread group number 1
2026-06-05 17:36:10,958 INFO o.a.j.e.StandardJMeterEngine: All thread groups have been started
2026-06-05 17:36:10,965 INFO o.a.j.p.h.s.HTTPHCAbstractImpl: Local host = LAPTOP-2MPPKCCL
2026-06-05 17:36:10,970 INFO o.a.j.p.h.s.HTTPHC4Impl: HTTP request retry count = 0
2026-06-05 17:36:10,971 INFO o.a.j.s.SampleResult: Note: Sample TimeStamps are START times
2026-06-05 17:36:10,971 INFO o.a.j.s.SampleResult: sampleresult.default.encoding is set to ISO-8859-1
2026-06-05 17:36:10,971 INFO o.a.j.s.SampleResult: sampleresult.useNanoTime=true
2026-06-05 17:36:10,971 INFO o.a.j.s.SampleResult: sampleresult.nanoThreadSleep=5000
2026-06-05 17:36:11,209 INFO o.a.j.u.JsseSSLManager: Using default SSL protocol: TLS
2026-06-05 17:36:11,209 INFO o.a.j.u.JsseSSLManager: SSL session context: per-thread
2026-06-05 17:36:11,886 INFO o.a.j.t.JMeterThread: Thread is done: Shopping Flow Thread Group 1-1
2026-06-05 17:36:11,886 INFO o.a.j.t.JMeterThread: Thread finished: Shopping Flow Thread Group 1-1
2026-06-05 17:36:12,442 INFO o.a.j.t.JMeterThread: Thread started: Shopping Flow Thread Group 1-2
2026-06-05 17:36:13,275 INFO o.a.j.t.JMeterThread: Thread is done: Shopping Flow Thread Group 1-2
2026-06-05 17:36:13,275 INFO o.a.j.t.JMeterThread: Thread finished: Shopping Flow Thread Group 1-2
2026-06-05 17:36:13,941 INFO o.a.j.t.JMeterThread: Thread started: Shopping Flow Thread Group 1-3
2026-06-05 17:36:14,791 INFO o.a.j.t.JMeterThread: Thread is done: Shopping Flow Thread Group 1-3
2026-06-05 17:36:14,791 INFO o.a.j.t.JMeterThread: Thread finished: Shopping Flow Thread Group 1-3
2026-06-05 17:36:15,442 INFO o.a.j.t.JMeterThread: Thread started: Shopping Flow Thread Group 1-4
2026-06-05 17:36:16,194 INFO o.a.j.t.JMeterThread: Thread is done: Shopping Flow Thread Group 1-4
2026-06-05 17:36:16,194 INFO o.a.j.t.JMeterThread: Thread finished: Shopping Flow Thread Group 1-4
2026-06-05 17:36:16,942 INFO o.a.j.t.JMeterThread: Thread started: Shopping Flow Thread Group 1-5
2026-06-05 17:36:17,860 INFO o.a.j.t.JMeterThread: Thread is done: Shopping Flow Thread Group 1-5
2026-06-05 17:36:17,860 INFO o.a.j.t.JMeterThread: Thread finished: Shopping Flow Thread Group 1-5
2026-06-05 17:36:18,440 INFO o.a.j.t.JMeterThread: Thread started: Shopping Flow Thread Group 1-6
2026-06-05 17:36:19,140 INFO o.a.j.t.JMeterThread: Thread is done: Shopping Flow Thread Group 1-6
2026-06-05 17:36:19,140 INFO o.a.j.t.JMeterThread: Thread finished: Shopping Flow Thread Group 1-6
2026-06-05 17:36:19,941 INFO o.a.j.t.JMeterThread: Thread started: Shopping Flow Thread Group 1-7
2026-06-05 17:36:20,861 INFO o.a.j.t.JMeterThread: Thread is done: Shopping Flow Thread Group 1-7
2026-06-05 17:36:20,861 INFO o.a.j.t.JMeterThread: Thread finished: Shopping Flow Thread Group 1-7
2026-06-05 17:36:21,441 INFO o.a.j.t.JMeterThread: Thread started: Shopping Flow Thread Group 1-8
2026-06-05 17:36:22,300 INFO o.a.j.t.JMeterThread: Thread is done: Shopping Flow Thread Group 1-8
2026-06-05 17:36:22,301 INFO o.a.j.t.JMeterThread: Thread finished: Shopping Flow Thread Group 1-8
2026-06-05 17:36:22,940 INFO o.a.j.t.JMeterThread: Thread started: Shopping Flow Thread Group 1-9
2026-06-05 17:36:23,674 INFO o.a.j.t.JMeterThread: Thread is done: Shopping Flow Thread Group 1-9
2026-06-05 17:36:23,674 INFO o.a.j.t.JMeterThread: Thread finished: Shopping Flow Thread Group 1-9
2026-06-05 17:36:24,441 INFO o.a.j.t.JMeterThread: Thread started: Shopping Flow Thread Group 1-10
2026-06-05 17:36:25,480 INFO o.a.j.t.JMeterThread: Thread is done: Shopping Flow Thread Group 1-10
2026-06-05 17:36:25,480 INFO o.a.j.t.JMeterThread: Thread finished: Shopping Flow Thread Group 1-10
2026-06-05 17:36:25,944 INFO o.a.j.t.JMeterThread: Thread started: Shopping Flow Thread Group 1-11
2026-06-05 17:36:26,783 INFO o.a.j.t.JMeterThread: Thread is done: Shopping Flow Thread Group 1-11
2026-06-05 17:36:26,784 INFO o.a.j.t.JMeterThread: Thread finished: Shopping Flow Thread Group 1-11
2026-06-05 17:36:27,442 INFO o.a.j.t.JMeterThread: Thread started: Shopping Flow Thread Group 1-12
2026-06-05 17:36:28,422 INFO o.a.j.t.JMeterThread: Thread is done: Shopping Flow Thread Group 1-12
2026-06-05 17:36:28,422 INFO o.a.j.t.JMeterThread: Thread finished: Shopping Flow Thread Group 1-12
2026-06-05 17:36:28,941 INFO o.a.j.t.JMeterThread: Thread started: Shopping Flow Thread Group 1-13
2026-06-05 17:36:29,693 INFO o.a.j.t.JMeterThread: Thread is done: Shopping Flow Thread Group 1-13
2026-06-05 17:36:29,694 INFO o.a.j.t.JMeterThread: Thread finished: Shopping Flow Thread Group 1-13
2026-06-05 17:36:30,441 INFO o.a.j.t.JMeterThread: Thread started: Shopping Flow Thread Group 1-14
2026-06-05 17:36:30,469 INFO o.a.j.r.Summariser: summary +    326 in 00:00:20 =   16.7/s Avg:    33 Min:     9 Max:    95 Err:     0 (0.00%) Active: 1 Started: 14 Finished: 13
2026-06-05 17:36:31,361 INFO o.a.j.t.JMeterThread: Thread is done: Shopping Flow Thread Group 1-14
2026-06-05 17:36:31,362 INFO o.a.j.t.JMeterThread: Thread finished: Shopping Flow Thread Group 1-14
2026-06-05 17:36:31,940 INFO o.a.j.t.JMeterThread: Thread started: Shopping Flow Thread Group 1-15
2026-06-05 17:36:32,783 INFO o.a.j.t.JMeterThread: Thread is done: Shopping Flow Thread Group 1-15
2026-06-05 17:36:32,784 INFO o.a.j.t.JMeterThread: Thread finished: Shopping Flow Thread Group 1-15
2026-06-05 17:36:33,441 INFO o.a.j.t.JMeterThread: Thread started: Shopping Flow Thread Group 1-16
2026-06-05 17:36:34,273 INFO o.a.j.t.JMeterThread: Thread is done: Shopping Flow Thread Group 1-16
2026-06-05 17:36:34,274 INFO o.a.j.t.JMeterThread: Thread finished: Shopping Flow Thread Group 1-16
2026-06-05 17:36:34,940 INFO o.a.j.t.JMeterThread: Thread started: Shopping Flow Thread Group 1-17
2026-06-05 17:36:35,858 INFO o.a.j.t.JMeterThread: Thread is done: Shopping Flow Thread Group 1-17
2026-06-05 17:36:35,859 INFO o.a.j.t.JMeterThread: Thread finished: Shopping Flow Thread Group 1-17
2026-06-05 17:36:36,441 INFO o.a.j.t.JMeterThread: Thread started: Shopping Flow Thread Group 1-18
2026-06-05 17:36:37,281 INFO o.a.j.t.JMeterThread: Thread is done: Shopping Flow Thread Group 1-18
2026-06-05 17:36:37,281 INFO o.a.j.t.JMeterThread: Thread finished: Shopping Flow Thread Group 1-18
2026-06-05 17:36:37,941 INFO o.a.j.t.JMeterThread: Thread started: Shopping Flow Thread Group 1-19
2026-06-05 17:36:38,699 INFO o.a.j.t.JMeterThread: Thread is done: Shopping Flow Thread Group 1-19
2026-06-05 17:36:38,700 INFO o.a.j.t.JMeterThread: Thread finished: Shopping Flow Thread Group 1-19
2026-06-05 17:36:39,439 INFO o.a.j.t.JMeterThread: Thread started: Shopping Flow Thread Group 1-20
2026-06-05 17:36:40,280 INFO o.a.j.t.JMeterThread: Thread is done: Shopping Flow Thread Group 1-20
2026-06-05 17:36:40,280 INFO o.a.j.t.JMeterThread: Thread finished: Shopping Flow Thread Group 1-20
2026-06-05 17:36:40,280 INFO o.a.j.e.StandardJMeterEngine: Notifying test listeners of end of test
2026-06-05 17:36:40,281 INFO o.a.j.r.Summariser: summary +    174 in 00:00:10 =   17.7/s Avg:    33 Min:     9 Max:   145 Err:     0 (0.00%) Active: 0 Started: 20 Finished: 20
2026-06-05 17:36:40,281 INFO o.a.j.r.Summariser: summary =    500 in 00:00:29 =   17.0/s Avg:    33 Min:     9 Max:   145 Err:     0 (0.00%)
2026-06-05 17:36:40,281 INFO o.a.j.JMeter: Generating Dashboard
2026-06-05 17:36:40,281 INFO o.a.j.r.d.ReportGenerator: Flushing result collector before report Generation
2026-06-05 17:36:40,288 INFO o.a.j.r.p.NormalizerSampleConsumer: Using format, 'ms', to parse timeStamp field
2026-06-05 17:36:41,370 INFO o.a.j.r.p.AbstractSampleConsumer: class org.apache.jmeter.report.processor.AggregateConsumer#stopProducing(): beginDate produced 0 samples
2026-06-05 17:36:41,370 INFO o.a.j.r.p.AbstractSampleConsumer: class org.apache.jmeter.report.processor.AggregateConsumer#stopProducing(): endDate produced 0 samples
2026-06-05 17:36:41,372 INFO o.a.j.r.p.AbstractSampleConsumer: class org.apache.jmeter.report.processor.ApdexSummaryConsumer#stopProducing(): apdexSummary produced 0 samples
2026-06-05 17:36:41,372 INFO o.a.j.r.p.AbstractSampleConsumer: class org.apache.jmeter.report.processor.RequestsSummaryConsumer#stopProducing(): requestsSummary produced 0 samples
2026-06-05 17:36:41,377 INFO o.a.j.r.p.AbstractSampleConsumer: class org.apache.jmeter.report.processor.StatisticsSummaryConsumer#stopProducing(): statisticsSummary produced 0 samples
2026-06-05 17:36:41,380 INFO o.a.j.r.p.AbstractSampleConsumer: class org.apache.jmeter.report.processor.Top5ErrorsBySamplerConsumer#stopProducing(): top5ErrorsBySampler produced 0 samples
2026-06-05 17:36:41,380 INFO o.a.j.r.p.AbstractSampleConsumer: class org.apache.jmeter.report.processor.ErrorsSummaryConsumer#stopProducing(): errorsSummary produced 0 samples
2026-06-05 17:36:41,380 INFO o.a.j.r.p.AbstractSampleConsumer: class org.apache.jmeter.report.processor.graph.impl.HitsPerSecondGraphConsumer#stopProducing(): hitsPerSecond produced 0 samples
2026-06-05 17:36:41,397 INFO o.a.j.r.p.AbstractSampleConsumer: class org.apache.jmeter.report.processor.graph.impl.LatencyVSRequestGraphConsumer#stopProducing(): latencyVsRequest produced 0 samples
2026-06-05 17:36:41,397 INFO o.a.j.r.p.AbstractSampleConsumer: class org.apache.jmeter.report.processor.graph.impl.SyntheticResponseTimeDistributionGraphConsumer#stopProducing(): syntheticResponseTimeDistribution produced 0 samples
2026-06-05 17:36:41,398 INFO o.a.j.r.p.AbstractSampleConsumer: class org.apache.jmeter.report.processor.graph.impl.BytesThroughputGraphConsumer#stopProducing(): bytesThroughputOverTime produced 0 samples
2026-06-05 17:36:41,398 INFO o.a.j.r.p.AbstractSampleConsumer: class org.apache.jmeter.report.processor.graph.impl.CodesPerSecondGraphConsumer#stopProducing(): codesPerSecond produced 0 samples
2026-06-05 17:36:41,405 INFO o.a.j.r.p.AbstractSampleConsumer: class org.apache.jmeter.report.processor.graph.impl.ResponseTimeVSRequestGraphConsumer#stopProducing(): responseTimeVsRequest produced 0 samples
2026-06-05 17:36:41,406 INFO o.a.j.r.p.AbstractSampleConsumer: class org.apache.jmeter.report.processor.FilterConsumer#stopProducing(): startIntervalControlerFilter produced 4900 samples
2026-06-05 17:36:41,406 INFO o.a.j.r.p.AbstractSampleConsumer: class org.apache.jmeter.report.processor.graph.impl.TotalTPSGraphConsumer#stopProducing(): totalTPS produced 0 samples
2026-06-05 17:36:41,406 INFO o.a.j.r.p.AbstractSampleConsumer: class org.apache.jmeter.report.processor.graph.impl.ActiveThreadsGraphConsumer#stopProducing(): activeThreadsOverTime produced 0 samples
2026-06-05 17:36:41,406 INFO o.a.j.r.p.AbstractSampleConsumer: class org.apache.jmeter.report.processor.graph.impl.TimeVSThreadGraphConsumer#stopProducing(): timeVsThreads produced 0 samples
2026-06-05 17:36:41,406 INFO o.a.j.r.p.AbstractSampleConsumer: class org.apache.jmeter.report.processor.graph.impl.ResponseTimeDistributionGraphConsumer#stopProducing(): responseTimeDistribution produced 0 samples
2026-06-05 17:36:41,407 INFO o.a.j.r.p.AbstractSampleConsumer: class org.apache.jmeter.report.processor.graph.impl.TransactionsPerSecondGraphConsumer#stopProducing(): transactionsPerSecond produced 0 samples
2026-06-05 17:36:41,407 INFO o.a.j.r.p.AbstractSampleConsumer: class org.apache.jmeter.report.processor.graph.impl.ResponseTimePercentilesGraphConsumer#stopProducing(): responseTimePercentiles produced 0 samples
2026-06-05 17:36:41,409 INFO o.a.j.r.p.AbstractSampleConsumer: class org.apache.jmeter.report.processor.graph.impl.ResponseTimePercentilesOverTimeGraphConsumer#stopProducing(): responseTimePercentilesOverTime produced 0 samples
2026-06-05 17:36:41,411 INFO o.a.j.r.p.AbstractSampleConsumer: class org.apache.jmeter.report.processor.graph.impl.ResponseTimeOverTimeGraphConsumer#stopProducing(): responseTimesOverTime produced 0 samples
2026-06-05 17:36:41,411 INFO o.a.j.r.p.AbstractSampleConsumer: class org.apache.jmeter.report.processor.graph.impl.ConnectTimeOverTimeGraphConsumer#stopProducing(): connectTimeOverTime produced 0 samples
2026-06-05 17:36:41,411 INFO o.a.j.r.p.AbstractSampleConsumer: class org.apache.jmeter.report.processor.graph.impl.LatencyOverTimeGraphConsumer#stopProducing(): latenciesOverTime produced 0 samples
2026-06-05 17:36:41,411 INFO o.a.j.r.p.AbstractSampleConsumer: class org.apache.jmeter.report.processor.FilterConsumer#stopProducing(): nameFilter produced 10500 samples
2026-06-05 17:36:41,411 INFO o.a.j.r.p.AbstractSampleConsumer: class org.apache.jmeter.report.processor.FilterConsumer#stopProducing(): dateRangeFilter produced 2100 samples
2026-06-05 17:36:41,412 INFO o.a.j.r.p.AbstractSampleConsumer: class org.apache.jmeter.report.processor.NormalizerSampleConsumer#stopProducing(): normalizer produced 700 samples
2026-06-05 17:36:41,412 INFO o.a.j.r.p.CsvFileSampleSource: produce(): 700 samples produced in 1s 105 ms on channel 0
2026-06-05 17:36:41,412 INFO o.a.j.r.d.ReportGenerator: Exporting data using exporter:'json' of className:'org.apache.jmeter.report.dashboard.JsonExporter'
2026-06-05 17:36:41,414 INFO o.a.j.r.d.JsonExporter: Found data for consumer statisticsSummary?in context
2026-06-05 17:36:41,414 INFO o.a.j.r.d.JsonExporter: Creating statistics for overall
2026-06-05 17:36:41,415 INFO o.a.j.r.d.JsonExporter: Creating statistics for other transactions
2026-06-05 17:36:41,415 INFO o.a.j.r.d.JsonExporter: Checking output folder
2026-06-05 17:36:41,416 INFO o.a.j.r.d.JsonExporter: Writing statistics JSON to D:\Study\SoftwareTesting\FinalProject\data\phase3\jmeter\higher-001\html-report\statistics.json
2026-06-05 17:36:41,546 INFO o.a.j.r.d.ReportGenerator: Exporting data using exporter:'html' of className:'org.apache.jmeter.report.dashboard.HtmlTemplateExporter'
2026-06-05 17:36:41,548 INFO o.a.j.r.d.HtmlTemplateExporter: Will generate dashboard in folder: D:\Study\SoftwareTesting\FinalProject\data\phase3\jmeter\higher-001\html-report
2026-06-05 17:36:41,624 INFO o.a.j.r.d.HtmlTemplateExporter: Report will be generated in: D:\Study\SoftwareTesting\FinalProject\data\phase3\jmeter\higher-001\html-report, creating folder structure
2026-06-05 17:36:41,626 INFO o.a.j.r.d.TemplateVisitor: Copying folder from 'D:\Study\jmeter\apache-jmeter-5.1.1\bin\report-template' to 'D:\Study\SoftwareTesting\FinalProject\data\phase3\jmeter\higher-001\html-report', got message:[D:\Study\SoftwareTesting\FinalProject\data\phase3\jmeter\higher-001\html-report\statistics.json], found non empty folder with following content {}, will be ignored
2026-06-05 17:36:41,890 INFO o.a.j.JMeter: Dashboard generated
