2026-06-05 17:35:17,953 INFO o.a.j.u.JMeterUtils: Setting Locale to en_EN
2026-06-05 17:35:17,963 INFO o.a.j.JMeter: Loading user properties from: D:\Study\jmeter\apache-jmeter-5.1.1\bin\user.properties
2026-06-05 17:35:17,963 INFO o.a.j.JMeter: Loading system properties from: D:\Study\jmeter\apache-jmeter-5.1.1\bin\system.properties
2026-06-05 17:35:17,964 INFO o.a.j.JMeter: Setting JMeter property: threads=$Threads
2026-06-05 17:35:17,964 INFO o.a.j.JMeter: Setting JMeter property: rampup=$RampUp
2026-06-05 17:35:17,964 INFO o.a.j.JMeter: Setting JMeter property: loops=$Loops
2026-06-05 17:35:17,964 INFO o.a.j.JMeter: Setting JMeter property: jmeter=.save.saveservice.subresults=false
2026-06-05 17:35:17,968 INFO o.a.j.JMeter: Copyright (c) 1998-2019 The Apache Software Foundation
2026-06-05 17:35:17,968 INFO o.a.j.JMeter: Version 5.1.1 r1855137
2026-06-05 17:35:17,968 INFO o.a.j.JMeter: java.version=1.8.0_231
2026-06-05 17:35:17,968 INFO o.a.j.JMeter: java.vm.name=Java HotSpot(TM) 64-Bit Server VM
2026-06-05 17:35:17,968 INFO o.a.j.JMeter: os.name=Windows 10
2026-06-05 17:35:17,969 INFO o.a.j.JMeter: os.arch=amd64
2026-06-05 17:35:17,969 INFO o.a.j.JMeter: os.version=10.0
2026-06-05 17:35:17,969 INFO o.a.j.JMeter: file.encoding=GBK
2026-06-05 17:35:17,969 INFO o.a.j.JMeter: java.awt.headless=true
2026-06-05 17:35:17,969 INFO o.a.j.JMeter: Max memory     =1073741824
2026-06-05 17:35:17,969 INFO o.a.j.JMeter: Available Processors =12
2026-06-05 17:35:17,972 INFO o.a.j.JMeter: Default Locale=English (EN)
2026-06-05 17:35:17,972 INFO o.a.j.JMeter: JMeter  Locale=English (EN)
2026-06-05 17:35:17,972 INFO o.a.j.JMeter: JMeterHome=D:\Study\jmeter\apache-jmeter-5.1.1
2026-06-05 17:35:17,972 INFO o.a.j.JMeter: user.dir  =D:\Study\SoftwareTesting
2026-06-05 17:35:17,972 INFO o.a.j.JMeter: PWD       =D:\Study\SoftwareTesting
2026-06-05 17:35:17,974 INFO o.a.j.JMeter: IP: 198.18.0.1 Name: LAPTOP-2MPPKCCL FullName: LAPTOP-2MPPKCCL
2026-06-05 17:35:17,977 INFO o.a.j.JMeter: Setting property 'jmeter.reportgenerator.outputdir' to:'D:\Study\SoftwareTesting\FinalProject\data\phase3\jmeter\smoke-001\html-report'
2026-06-05 17:35:17,978 INFO o.a.j.s.FileServer: Default base='D:\Study\SoftwareTesting'
2026-06-05 17:35:17,982 INFO o.a.j.s.FileServer: Set new base='D:\Study\SoftwareTesting\FinalProject\data\phase3\jmeter\smoke-001'
2026-06-05 17:35:18,137 INFO o.a.j.s.SaveService: Testplan (JMX) version: 2.2. Testlog (JTL) version: 2.2
2026-06-05 17:35:18,155 INFO o.a.j.s.SaveService: Using SaveService properties file encoding UTF-8
2026-06-05 17:35:18,159 INFO o.a.j.s.SaveService: Using SaveService properties version 5.0
2026-06-05 17:35:18,164 INFO o.a.j.s.SaveService: Loading file: D:\Study\SoftwareTesting\FinalProject\data\phase3\jmeter\smoke-001\effective-test-plan.jmx
2026-06-05 17:35:18,195 INFO o.a.j.p.h.c.CookieManager: Settings: Delete null: true Check: true Allow variable: true Save: false Prefix: COOKIE_
2026-06-05 17:35:18,209 INFO o.a.j.p.h.s.HTTPSamplerBase: Parser for text/html is org.apache.jmeter.protocol.http.parser.LagartoBasedHtmlParser
2026-06-05 17:35:18,209 INFO o.a.j.p.h.s.HTTPSamplerBase: Parser for application/xhtml+xml is org.apache.jmeter.protocol.http.parser.LagartoBasedHtmlParser
2026-06-05 17:35:18,209 INFO o.a.j.p.h.s.HTTPSamplerBase: Parser for application/xml is org.apache.jmeter.protocol.http.parser.LagartoBasedHtmlParser
2026-06-05 17:35:18,209 INFO o.a.j.p.h.s.HTTPSamplerBase: Parser for text/xml is org.apache.jmeter.protocol.http.parser.LagartoBasedHtmlParser
2026-06-05 17:35:18,209 INFO o.a.j.p.h.s.HTTPSamplerBase: Parser for text/vnd.wap.wml is org.apache.jmeter.protocol.http.parser.RegexpHTMLParser
2026-06-05 17:35:18,210 INFO o.a.j.p.h.s.HTTPSamplerBase: Parser for text/css is org.apache.jmeter.protocol.http.parser.CssParser
2026-06-05 17:35:18,255 INFO o.a.j.JMeter: Creating summariser <summary>
2026-06-05 17:35:18,261 INFO o.a.j.r.d.ReportGenerator: ReportGenerator will use for Parsing the separator: ','
2026-06-05 17:35:18,261 INFO o.a.j.r.d.ReportGenerator: Will generate report at end of test from  results file: D:\Study\SoftwareTesting\FinalProject\data\phase3\jmeter\smoke-001\result.jtl
2026-06-05 17:35:18,262 INFO o.a.j.r.d.ReportGenerator: Reading report generator properties from: D:\Study\jmeter\apache-jmeter-5.1.1\bin\reportgenerator.properties
2026-06-05 17:35:18,263 INFO o.a.j.r.d.ReportGenerator: Merging with JMeter properties
2026-06-05 17:35:18,269 INFO o.a.j.r.c.ReportGeneratorConfiguration: Property 'jmeter.reportgenerator.temp_dir' not found, using default value 'temp' instead.
2026-06-05 17:35:18,271 INFO o.a.j.r.c.ReportGeneratorConfiguration: Property 'jmeter.reportgenerator.apdex_per_transaction' not found, using default value 'null' instead.
2026-06-05 17:35:18,271 INFO o.a.j.r.c.ReportGeneratorConfiguration: apdex_per_transaction : {} is empty, not APDEX per transaction customization
2026-06-05 17:35:18,271 INFO o.a.j.r.c.ReportGeneratorConfiguration: Property 'jmeter.reportgenerator.sample_filter' not found, using default value 'null' instead.
2026-06-05 17:35:18,271 INFO o.a.j.r.c.ReportGeneratorConfiguration: Property 'jmeter.reportgenerator.report_title' not found, using default value 'null' instead.
2026-06-05 17:35:18,271 INFO o.a.j.r.c.ReportGeneratorConfiguration: Property 'jmeter.reportgenerator.start_date' not found, using default value 'null' instead.
2026-06-05 17:35:18,271 INFO o.a.j.r.c.ReportGeneratorConfiguration: Property 'jmeter.reportgenerator.end_date' not found, using default value 'null' instead.
2026-06-05 17:35:18,271 INFO o.a.j.r.c.ReportGeneratorConfiguration: Property 'jmeter.reportgenerator.date_format' not found, using default value 'null' instead.
2026-06-05 17:35:18,272 INFO o.a.j.r.c.ReportGeneratorConfiguration: Will use date range start date: null, end date: null
2026-06-05 17:35:18,275 INFO o.a.j.r.c.ReportGeneratorConfiguration: Property 'jmeter.reportgenerator.graph.totalTPS.exclude_controllers' not found, using default value 'false' instead.
2026-06-05 17:35:18,275 INFO o.a.j.r.c.ReportGeneratorConfiguration: Property 'jmeter.reportgenerator.graph.activeThreadsOverTime.exclude_controllers' not found, using default value 'false' instead.
2026-06-05 17:35:18,275 INFO o.a.j.r.c.ReportGeneratorConfiguration: Property 'jmeter.reportgenerator.graph.timeVsThreads.exclude_controllers' not found, using default value 'false' instead.
2026-06-05 17:35:18,275 INFO o.a.j.r.c.ReportGeneratorConfiguration: Property 'jmeter.reportgenerator.graph.responseTimeDistribution.exclude_controllers' not found, using default value 'false' instead.
2026-06-05 17:35:18,275 INFO o.a.j.r.c.ReportGeneratorConfiguration: Property 'jmeter.reportgenerator.graph.transactionsPerSecond.exclude_controllers' not found, using default value 'false' instead.
2026-06-05 17:35:18,276 INFO o.a.j.r.c.ReportGeneratorConfiguration: Property 'jmeter.reportgenerator.graph.responseTimePercentiles.exclude_controllers' not found, using default value 'false' instead.
2026-06-05 17:35:18,276 INFO o.a.j.r.c.ReportGeneratorConfiguration: Property 'jmeter.reportgenerator.graph.responseTimePercentilesOverTime.exclude_controllers' not found, using default value 'false' instead.
2026-06-05 17:35:18,276 INFO o.a.j.r.c.ReportGeneratorConfiguration: Property 'jmeter.reportgenerator.graph.responseTimesOverTime.exclude_controllers' not found, using default value 'false' instead.
2026-06-05 17:35:18,277 INFO o.a.j.r.c.ReportGeneratorConfiguration: Property 'jmeter.reportgenerator.graph.connectTimeOverTime.exclude_controllers' not found, using default value 'false' instead.
2026-06-05 17:35:18,277 INFO o.a.j.r.c.ReportGeneratorConfiguration: Property 'jmeter.reportgenerator.graph.latenciesOverTime.exclude_controllers' not found, using default value 'false' instead.
2026-06-05 17:35:18,279 INFO o.a.j.r.c.ReportGeneratorConfiguration: Property 'jmeter.reportgenerator.exporter.json.filters_only_sample_series' not found, using default value 'true' instead.
2026-06-05 17:35:18,279 INFO o.a.j.r.c.ReportGeneratorConfiguration: Property 'jmeter.reportgenerator.exporter.json.series_filter' not found, using default value '' instead.
2026-06-05 17:35:18,279 INFO o.a.j.r.c.ReportGeneratorConfiguration: Property 'jmeter.reportgenerator.exporter.json.show_controllers_only' not found, using default value 'false' instead.
2026-06-05 17:35:18,280 INFO o.a.j.r.c.ReportGeneratorConfiguration: Property 'jmeter.reportgenerator.exporter.html.filters_only_sample_series' not found, using default value 'true' instead.
2026-06-05 17:35:18,284 INFO o.a.j.r.c.ReportGeneratorConfiguration: Property 'jmeter.reportgenerator.exporter.html.series_filter' not found, using default value '' instead.
2026-06-05 17:35:18,284 INFO o.a.j.r.c.ReportGeneratorConfiguration: Property 'jmeter.reportgenerator.exporter.html.show_controllers_only' not found, using default value 'false' instead.
2026-06-05 17:35:18,288 INFO o.a.j.e.StandardJMeterEngine: Running the test!
2026-06-05 17:35:18,289 INFO o.a.j.s.SampleEvent: List of sample_variables: []
2026-06-05 17:35:18,289 INFO o.a.j.s.SampleEvent: List of sample_variables: []
2026-06-05 17:35:18,294 INFO o.a.j.e.u.CompoundVariable: Note: Function class names must contain the string: '.functions.'
2026-06-05 17:35:18,294 INFO o.a.j.e.u.CompoundVariable: Note: Function class names must not contain the string: '.gui.'
2026-06-05 17:35:18,600 INFO o.a.j.JMeter: Running test (1780652118600)
2026-06-05 17:35:18,630 INFO o.a.j.e.StandardJMeterEngine: Starting ThreadGroup: 1 : Shopping Flow Thread Group
2026-06-05 17:35:18,630 INFO o.a.j.e.StandardJMeterEngine: Starting 1 threads for group Shopping Flow Thread Group.
2026-06-05 17:35:18,630 INFO o.a.j.e.StandardJMeterEngine: Thread will continue on error
2026-06-05 17:35:18,630 INFO o.a.j.t.ThreadGroup: Starting thread group... number=1 threads=1 ramp-up=1 delayedStart=false
2026-06-05 17:35:18,634 INFO o.a.j.t.ThreadGroup: Started thread group number 1
2026-06-05 17:35:18,634 INFO o.a.j.e.StandardJMeterEngine: All thread groups have been started
2026-06-05 17:35:18,637 INFO o.a.j.t.JMeterThread: Thread started: Shopping Flow Thread Group 1-1
2026-06-05 17:35:18,653 INFO o.a.j.p.h.s.HTTPHCAbstractImpl: Local host = LAPTOP-2MPPKCCL
2026-06-05 17:35:18,660 INFO o.a.j.p.h.s.HTTPHC4Impl: HTTP request retry count = 0
2026-06-05 17:35:18,662 INFO o.a.j.s.SampleResult: Note: Sample TimeStamps are START times
2026-06-05 17:35:18,662 INFO o.a.j.s.SampleResult: sampleresult.default.encoding is set to ISO-8859-1
2026-06-05 17:35:18,662 INFO o.a.j.s.SampleResult: sampleresult.useNanoTime=true
2026-06-05 17:35:18,663 INFO o.a.j.s.SampleResult: sampleresult.nanoThreadSleep=5000
2026-06-05 17:35:18,879 INFO o.a.j.t.JMeterThread: Thread is done: Shopping Flow Thread Group 1-1
2026-06-05 17:35:18,879 INFO o.a.j.t.JMeterThread: Thread finished: Shopping Flow Thread Group 1-1
2026-06-05 17:35:18,880 INFO o.a.j.e.StandardJMeterEngine: Notifying test listeners of end of test
2026-06-05 17:35:18,881 INFO o.a.j.r.Summariser: summary =      5 in 00:00:00 =   17.9/s Avg:    31 Min:    12 Max:    53 Err:     0 (0.00%)
2026-06-05 17:35:18,882 INFO o.a.j.JMeter: Generating Dashboard
2026-06-05 17:35:18,882 INFO o.a.j.r.d.ReportGenerator: Flushing result collector before report Generation
2026-06-05 17:35:18,890 INFO o.a.j.r.p.NormalizerSampleConsumer: Using format, 'ms', to parse timeStamp field
2026-06-05 17:35:20,048 INFO o.a.j.r.p.AbstractSampleConsumer: class org.apache.jmeter.report.processor.AggregateConsumer#stopProducing(): beginDate produced 0 samples
2026-06-05 17:35:20,048 INFO o.a.j.r.p.AbstractSampleConsumer: class org.apache.jmeter.report.processor.AggregateConsumer#stopProducing(): endDate produced 0 samples
2026-06-05 17:35:20,051 INFO o.a.j.r.p.AbstractSampleConsumer: class org.apache.jmeter.report.processor.ApdexSummaryConsumer#stopProducing(): apdexSummary produced 0 samples
2026-06-05 17:35:20,051 INFO o.a.j.r.p.AbstractSampleConsumer: class org.apache.jmeter.report.processor.RequestsSummaryConsumer#stopProducing(): requestsSummary produced 0 samples
2026-06-05 17:35:20,057 INFO o.a.j.r.p.AbstractSampleConsumer: class org.apache.jmeter.report.processor.StatisticsSummaryConsumer#stopProducing(): statisticsSummary produced 0 samples
2026-06-05 17:35:20,062 INFO o.a.j.r.p.AbstractSampleConsumer: class org.apache.jmeter.report.processor.Top5ErrorsBySamplerConsumer#stopProducing(): top5ErrorsBySampler produced 0 samples
2026-06-05 17:35:20,062 INFO o.a.j.r.p.AbstractSampleConsumer: class org.apache.jmeter.report.processor.ErrorsSummaryConsumer#stopProducing(): errorsSummary produced 0 samples
2026-06-05 17:35:20,062 INFO o.a.j.r.p.AbstractSampleConsumer: class org.apache.jmeter.report.processor.graph.impl.HitsPerSecondGraphConsumer#stopProducing(): hitsPerSecond produced 0 samples
2026-06-05 17:35:20,070 INFO o.a.j.r.p.AbstractSampleConsumer: class org.apache.jmeter.report.processor.graph.impl.LatencyVSRequestGraphConsumer#stopProducing(): latencyVsRequest produced 0 samples
2026-06-05 17:35:20,071 INFO o.a.j.r.p.AbstractSampleConsumer: class org.apache.jmeter.report.processor.graph.impl.SyntheticResponseTimeDistributionGraphConsumer#stopProducing(): syntheticResponseTimeDistribution produced 0 samples
2026-06-05 17:35:20,071 INFO o.a.j.r.p.AbstractSampleConsumer: class org.apache.jmeter.report.processor.graph.impl.BytesThroughputGraphConsumer#stopProducing(): bytesThroughputOverTime produced 0 samples
2026-06-05 17:35:20,071 INFO o.a.j.r.p.AbstractSampleConsumer: class org.apache.jmeter.report.processor.graph.impl.CodesPerSecondGraphConsumer#stopProducing(): codesPerSecond produced 0 samples
2026-06-05 17:35:20,074 INFO o.a.j.r.p.AbstractSampleConsumer: class org.apache.jmeter.report.processor.graph.impl.ResponseTimeVSRequestGraphConsumer#stopProducing(): responseTimeVsRequest produced 0 samples
2026-06-05 17:35:20,075 INFO o.a.j.r.p.AbstractSampleConsumer: class org.apache.jmeter.report.processor.FilterConsumer#stopProducing(): startIntervalControlerFilter produced 49 samples
2026-06-05 17:35:20,075 INFO o.a.j.r.p.AbstractSampleConsumer: class org.apache.jmeter.report.processor.graph.impl.TotalTPSGraphConsumer#stopProducing(): totalTPS produced 0 samples
2026-06-05 17:35:20,075 INFO o.a.j.r.p.AbstractSampleConsumer: class org.apache.jmeter.report.processor.graph.impl.ActiveThreadsGraphConsumer#stopProducing(): activeThreadsOverTime produced 0 samples
2026-06-05 17:35:20,075 INFO o.a.j.r.p.AbstractSampleConsumer: class org.apache.jmeter.report.processor.graph.impl.TimeVSThreadGraphConsumer#stopProducing(): timeVsThreads produced 0 samples
2026-06-05 17:35:20,076 INFO o.a.j.r.p.AbstractSampleConsumer: class org.apache.jmeter.report.processor.graph.impl.ResponseTimeDistributionGraphConsumer#stopProducing(): responseTimeDistribution produced 0 samples
2026-06-05 17:35:20,076 INFO o.a.j.r.p.AbstractSampleConsumer: class org.apache.jmeter.report.processor.graph.impl.TransactionsPerSecondGraphConsumer#stopProducing(): transactionsPerSecond produced 0 samples
2026-06-05 17:35:20,076 INFO o.a.j.r.p.AbstractSampleConsumer: class org.apache.jmeter.report.processor.graph.impl.ResponseTimePercentilesGraphConsumer#stopProducing(): responseTimePercentiles produced 0 samples
2026-06-05 17:35:20,079 INFO o.a.j.r.p.AbstractSampleConsumer: class org.apache.jmeter.report.processor.graph.impl.ResponseTimePercentilesOverTimeGraphConsumer#stopProducing(): responseTimePercentilesOverTime produced 0 samples
2026-06-05 17:35:20,079 INFO o.a.j.r.p.AbstractSampleConsumer: class org.apache.jmeter.report.processor.graph.impl.ResponseTimeOverTimeGraphConsumer#stopProducing(): responseTimesOverTime produced 0 samples
2026-06-05 17:35:20,079 INFO o.a.j.r.p.AbstractSampleConsumer: class org.apache.jmeter.report.processor.graph.impl.ConnectTimeOverTimeGraphConsumer#stopProducing(): connectTimeOverTime produced 0 samples
2026-06-05 17:35:20,079 INFO o.a.j.r.p.AbstractSampleConsumer: class org.apache.jmeter.report.processor.graph.impl.LatencyOverTimeGraphConsumer#stopProducing(): latenciesOverTime produced 0 samples
2026-06-05 17:35:20,079 INFO o.a.j.r.p.AbstractSampleConsumer: class org.apache.jmeter.report.processor.FilterConsumer#stopProducing(): nameFilter produced 105 samples
2026-06-05 17:35:20,079 INFO o.a.j.r.p.AbstractSampleConsumer: class org.apache.jmeter.report.processor.FilterConsumer#stopProducing(): dateRangeFilter produced 21 samples
2026-06-05 17:35:20,079 INFO o.a.j.r.p.AbstractSampleConsumer: class org.apache.jmeter.report.processor.NormalizerSampleConsumer#stopProducing(): normalizer produced 7 samples
2026-06-05 17:35:20,080 INFO o.a.j.r.p.CsvFileSampleSource: produce(): 7 samples produced in 1s 166 ms on channel 0
2026-06-05 17:35:20,080 INFO o.a.j.r.d.ReportGenerator: Exporting data using exporter:'json' of className:'org.apache.jmeter.report.dashboard.JsonExporter'
2026-06-05 17:35:20,081 INFO o.a.j.r.d.JsonExporter: Found data for consumer statisticsSummary?in context
2026-06-05 17:35:20,081 INFO o.a.j.r.d.JsonExporter: Creating statistics for overall
2026-06-05 17:35:20,082 INFO o.a.j.r.d.JsonExporter: Creating statistics for other transactions
2026-06-05 17:35:20,082 INFO o.a.j.r.d.JsonExporter: Checking output folder
2026-06-05 17:35:20,083 INFO o.a.j.r.d.JsonExporter: Writing statistics JSON to D:\Study\SoftwareTesting\FinalProject\data\phase3\jmeter\smoke-001\html-report\statistics.json
2026-06-05 17:35:20,220 INFO o.a.j.r.d.ReportGenerator: Exporting data using exporter:'html' of className:'org.apache.jmeter.report.dashboard.HtmlTemplateExporter'
2026-06-05 17:35:20,222 INFO o.a.j.r.d.HtmlTemplateExporter: Will generate dashboard in folder: D:\Study\SoftwareTesting\FinalProject\data\phase3\jmeter\smoke-001\html-report
2026-06-05 17:35:20,297 INFO o.a.j.r.d.HtmlTemplateExporter: Report will be generated in: D:\Study\SoftwareTesting\FinalProject\data\phase3\jmeter\smoke-001\html-report, creating folder structure
2026-06-05 17:35:20,306 INFO o.a.j.r.d.TemplateVisitor: Copying folder from 'D:\Study\jmeter\apache-jmeter-5.1.1\bin\report-template' to 'D:\Study\SoftwareTesting\FinalProject\data\phase3\jmeter\smoke-001\html-report', got message:[D:\Study\SoftwareTesting\FinalProject\data\phase3\jmeter\smoke-001\html-report\statistics.json], found non empty folder with following content {}, will be ignored
2026-06-05 17:35:20,683 INFO o.a.j.JMeter: Dashboard generated
