2026-06-05 17:35:34,952 INFO o.a.j.u.JMeterUtils: Setting Locale to en_EN
2026-06-05 17:35:34,963 INFO o.a.j.JMeter: Loading user properties from: D:\Study\jmeter\apache-jmeter-5.1.1\bin\user.properties
2026-06-05 17:35:34,964 INFO o.a.j.JMeter: Loading system properties from: D:\Study\jmeter\apache-jmeter-5.1.1\bin\system.properties
2026-06-05 17:35:34,964 INFO o.a.j.JMeter: Setting JMeter property: threads=$Threads
2026-06-05 17:35:34,964 INFO o.a.j.JMeter: Setting JMeter property: rampup=$RampUp
2026-06-05 17:35:34,964 INFO o.a.j.JMeter: Setting JMeter property: loops=$Loops
2026-06-05 17:35:34,965 INFO o.a.j.JMeter: Setting JMeter property: jmeter=.save.saveservice.subresults=false
2026-06-05 17:35:34,969 INFO o.a.j.JMeter: Copyright (c) 1998-2019 The Apache Software Foundation
2026-06-05 17:35:34,977 INFO o.a.j.JMeter: Version 5.1.1 r1855137
2026-06-05 17:35:34,977 INFO o.a.j.JMeter: java.version=1.8.0_231
2026-06-05 17:35:34,977 INFO o.a.j.JMeter: java.vm.name=Java HotSpot(TM) 64-Bit Server VM
2026-06-05 17:35:34,977 INFO o.a.j.JMeter: os.name=Windows 10
2026-06-05 17:35:34,977 INFO o.a.j.JMeter: os.arch=amd64
2026-06-05 17:35:34,977 INFO o.a.j.JMeter: os.version=10.0
2026-06-05 17:35:34,977 INFO o.a.j.JMeter: file.encoding=GBK
2026-06-05 17:35:34,977 INFO o.a.j.JMeter: java.awt.headless=true
2026-06-05 17:35:34,977 INFO o.a.j.JMeter: Max memory     =1073741824
2026-06-05 17:35:34,977 INFO o.a.j.JMeter: Available Processors =12
2026-06-05 17:35:34,981 INFO o.a.j.JMeter: Default Locale=English (EN)
2026-06-05 17:35:34,981 INFO o.a.j.JMeter: JMeter  Locale=English (EN)
2026-06-05 17:35:34,981 INFO o.a.j.JMeter: JMeterHome=D:\Study\jmeter\apache-jmeter-5.1.1
2026-06-05 17:35:34,981 INFO o.a.j.JMeter: user.dir  =D:\Study\SoftwareTesting
2026-06-05 17:35:34,982 INFO o.a.j.JMeter: PWD       =D:\Study\SoftwareTesting
2026-06-05 17:35:34,986 INFO o.a.j.JMeter: IP: 198.18.0.1 Name: LAPTOP-2MPPKCCL FullName: LAPTOP-2MPPKCCL
2026-06-05 17:35:34,989 INFO o.a.j.JMeter: Setting property 'jmeter.reportgenerator.outputdir' to:'D:\Study\SoftwareTesting\FinalProject\data\phase3\jmeter\normal-001\html-report'
2026-06-05 17:35:34,992 INFO o.a.j.s.FileServer: Default base='D:\Study\SoftwareTesting'
2026-06-05 17:35:34,997 INFO o.a.j.s.FileServer: Set new base='D:\Study\SoftwareTesting\FinalProject\data\phase3\jmeter\normal-001'
2026-06-05 17:35:35,127 INFO o.a.j.s.SaveService: Testplan (JMX) version: 2.2. Testlog (JTL) version: 2.2
2026-06-05 17:35:35,141 INFO o.a.j.s.SaveService: Using SaveService properties file encoding UTF-8
2026-06-05 17:35:35,144 INFO o.a.j.s.SaveService: Using SaveService properties version 5.0
2026-06-05 17:35:35,149 INFO o.a.j.s.SaveService: Loading file: D:\Study\SoftwareTesting\FinalProject\data\phase3\jmeter\normal-001\effective-test-plan.jmx
2026-06-05 17:35:35,178 INFO o.a.j.p.h.c.CookieManager: Settings: Delete null: true Check: true Allow variable: true Save: false Prefix: COOKIE_
2026-06-05 17:35:35,191 INFO o.a.j.p.h.s.HTTPSamplerBase: Parser for text/html is org.apache.jmeter.protocol.http.parser.LagartoBasedHtmlParser
2026-06-05 17:35:35,191 INFO o.a.j.p.h.s.HTTPSamplerBase: Parser for application/xhtml+xml is org.apache.jmeter.protocol.http.parser.LagartoBasedHtmlParser
2026-06-05 17:35:35,191 INFO o.a.j.p.h.s.HTTPSamplerBase: Parser for application/xml is org.apache.jmeter.protocol.http.parser.LagartoBasedHtmlParser
2026-06-05 17:35:35,192 INFO o.a.j.p.h.s.HTTPSamplerBase: Parser for text/xml is org.apache.jmeter.protocol.http.parser.LagartoBasedHtmlParser
2026-06-05 17:35:35,192 INFO o.a.j.p.h.s.HTTPSamplerBase: Parser for text/vnd.wap.wml is org.apache.jmeter.protocol.http.parser.RegexpHTMLParser
2026-06-05 17:35:35,192 INFO o.a.j.p.h.s.HTTPSamplerBase: Parser for text/css is org.apache.jmeter.protocol.http.parser.CssParser
2026-06-05 17:35:35,220 INFO o.a.j.JMeter: Creating summariser <summary>
2026-06-05 17:35:35,224 INFO o.a.j.r.d.ReportGenerator: ReportGenerator will use for Parsing the separator: ','
2026-06-05 17:35:35,225 INFO o.a.j.r.d.ReportGenerator: Will generate report at end of test from  results file: D:\Study\SoftwareTesting\FinalProject\data\phase3\jmeter\normal-001\result.jtl
2026-06-05 17:35:35,225 INFO o.a.j.r.d.ReportGenerator: Reading report generator properties from: D:\Study\jmeter\apache-jmeter-5.1.1\bin\reportgenerator.properties
2026-06-05 17:35:35,225 INFO o.a.j.r.d.ReportGenerator: Merging with JMeter properties
2026-06-05 17:35:35,229 INFO o.a.j.r.c.ReportGeneratorConfiguration: Property 'jmeter.reportgenerator.temp_dir' not found, using default value 'temp' instead.
2026-06-05 17:35:35,231 INFO o.a.j.r.c.ReportGeneratorConfiguration: Property 'jmeter.reportgenerator.apdex_per_transaction' not found, using default value 'null' instead.
2026-06-05 17:35:35,231 INFO o.a.j.r.c.ReportGeneratorConfiguration: apdex_per_transaction : {} is empty, not APDEX per transaction customization
2026-06-05 17:35:35,231 INFO o.a.j.r.c.ReportGeneratorConfiguration: Property 'jmeter.reportgenerator.sample_filter' not found, using default value 'null' instead.
2026-06-05 17:35:35,231 INFO o.a.j.r.c.ReportGeneratorConfiguration: Property 'jmeter.reportgenerator.report_title' not found, using default value 'null' instead.
2026-06-05 17:35:35,232 INFO o.a.j.r.c.ReportGeneratorConfiguration: Property 'jmeter.reportgenerator.start_date' not found, using default value 'null' instead.
2026-06-05 17:35:35,232 INFO o.a.j.r.c.ReportGeneratorConfiguration: Property 'jmeter.reportgenerator.end_date' not found, using default value 'null' instead.
2026-06-05 17:35:35,232 INFO o.a.j.r.c.ReportGeneratorConfiguration: Property 'jmeter.reportgenerator.date_format' not found, using default value 'null' instead.
2026-06-05 17:35:35,232 INFO o.a.j.r.c.ReportGeneratorConfiguration: Will use date range start date: null, end date: null
2026-06-05 17:35:35,236 INFO o.a.j.r.c.ReportGeneratorConfiguration: Property 'jmeter.reportgenerator.graph.totalTPS.exclude_controllers' not found, using default value 'false' instead.
2026-06-05 17:35:35,236 INFO o.a.j.r.c.ReportGeneratorConfiguration: Property 'jmeter.reportgenerator.graph.activeThreadsOverTime.exclude_controllers' not found, using default value 'false' instead.
2026-06-05 17:35:35,236 INFO o.a.j.r.c.ReportGeneratorConfiguration: Property 'jmeter.reportgenerator.graph.timeVsThreads.exclude_controllers' not found, using default value 'false' instead.
2026-06-05 17:35:35,236 INFO o.a.j.r.c.ReportGeneratorConfiguration: Property 'jmeter.reportgenerator.graph.responseTimeDistribution.exclude_controllers' not found, using default value 'false' instead.
2026-06-05 17:35:35,236 INFO o.a.j.r.c.ReportGeneratorConfiguration: Property 'jmeter.reportgenerator.graph.transactionsPerSecond.exclude_controllers' not found, using default value 'false' instead.
2026-06-05 17:35:35,237 INFO o.a.j.r.c.ReportGeneratorConfiguration: Property 'jmeter.reportgenerator.graph.responseTimePercentiles.exclude_controllers' not found, using default value 'false' instead.
2026-06-05 17:35:35,237 INFO o.a.j.r.c.ReportGeneratorConfiguration: Property 'jmeter.reportgenerator.graph.responseTimePercentilesOverTime.exclude_controllers' not found, using default value 'false' instead.
2026-06-05 17:35:35,237 INFO o.a.j.r.c.ReportGeneratorConfiguration: Property 'jmeter.reportgenerator.graph.responseTimesOverTime.exclude_controllers' not found, using default value 'false' instead.
2026-06-05 17:35:35,237 INFO o.a.j.r.c.ReportGeneratorConfiguration: Property 'jmeter.reportgenerator.graph.connectTimeOverTime.exclude_controllers' not found, using default value 'false' instead.
2026-06-05 17:35:35,237 INFO o.a.j.r.c.ReportGeneratorConfiguration: Property 'jmeter.reportgenerator.graph.latenciesOverTime.exclude_controllers' not found, using default value 'false' instead.
2026-06-05 17:35:35,238 INFO o.a.j.r.c.ReportGeneratorConfiguration: Property 'jmeter.reportgenerator.exporter.json.filters_only_sample_series' not found, using default value 'true' instead.
2026-06-05 17:35:35,238 INFO o.a.j.r.c.ReportGeneratorConfiguration: Property 'jmeter.reportgenerator.exporter.json.series_filter' not found, using default value '' instead.
2026-06-05 17:35:35,238 INFO o.a.j.r.c.ReportGeneratorConfiguration: Property 'jmeter.reportgenerator.exporter.json.show_controllers_only' not found, using default value 'false' instead.
2026-06-05 17:35:35,238 INFO o.a.j.r.c.ReportGeneratorConfiguration: Property 'jmeter.reportgenerator.exporter.html.filters_only_sample_series' not found, using default value 'true' instead.
2026-06-05 17:35:35,242 INFO o.a.j.r.c.ReportGeneratorConfiguration: Property 'jmeter.reportgenerator.exporter.html.series_filter' not found, using default value '' instead.
2026-06-05 17:35:35,242 INFO o.a.j.r.c.ReportGeneratorConfiguration: Property 'jmeter.reportgenerator.exporter.html.show_controllers_only' not found, using default value 'false' instead.
2026-06-05 17:35:35,246 INFO o.a.j.e.StandardJMeterEngine: Running the test!
2026-06-05 17:35:35,246 INFO o.a.j.s.SampleEvent: List of sample_variables: []
2026-06-05 17:35:35,246 INFO o.a.j.s.SampleEvent: List of sample_variables: []
2026-06-05 17:35:35,251 INFO o.a.j.e.u.CompoundVariable: Note: Function class names must contain the string: '.functions.'
2026-06-05 17:35:35,251 INFO o.a.j.e.u.CompoundVariable: Note: Function class names must not contain the string: '.gui.'
2026-06-05 17:35:35,517 INFO o.a.j.JMeter: Running test (1780652135517)
2026-06-05 17:35:35,544 INFO o.a.j.e.StandardJMeterEngine: Starting ThreadGroup: 1 : Shopping Flow Thread Group
2026-06-05 17:35:35,544 INFO o.a.j.e.StandardJMeterEngine: Starting 10 threads for group Shopping Flow Thread Group.
2026-06-05 17:35:35,544 INFO o.a.j.e.StandardJMeterEngine: Thread will continue on error
2026-06-05 17:35:35,544 INFO o.a.j.t.ThreadGroup: Starting thread group... number=1 threads=10 ramp-up=20 delayedStart=false
2026-06-05 17:35:35,552 INFO o.a.j.t.JMeterThread: Thread started: Shopping Flow Thread Group 1-1
2026-06-05 17:35:35,555 INFO o.a.j.t.ThreadGroup: Started thread group number 1
2026-06-05 17:35:35,555 INFO o.a.j.e.StandardJMeterEngine: All thread groups have been started
2026-06-05 17:35:35,568 INFO o.a.j.p.h.s.HTTPHCAbstractImpl: Local host = LAPTOP-2MPPKCCL
2026-06-05 17:35:35,574 INFO o.a.j.p.h.s.HTTPHC4Impl: HTTP request retry count = 0
2026-06-05 17:35:35,575 INFO o.a.j.s.SampleResult: Note: Sample TimeStamps are START times
2026-06-05 17:35:35,575 INFO o.a.j.s.SampleResult: sampleresult.default.encoding is set to ISO-8859-1
2026-06-05 17:35:35,575 INFO o.a.j.s.SampleResult: sampleresult.useNanoTime=true
2026-06-05 17:35:35,575 INFO o.a.j.s.SampleResult: sampleresult.nanoThreadSleep=5000
2026-06-05 17:35:35,671 INFO o.a.j.r.Summariser: summary +      1 in 00:00:00 =    6.5/s Avg:    54 Min:    54 Max:    54 Err:     0 (0.00%) Active: 1 Started: 1 Finished: 0
2026-06-05 17:35:35,769 INFO o.a.j.u.JsseSSLManager: Using default SSL protocol: TLS
2026-06-05 17:35:35,769 INFO o.a.j.u.JsseSSLManager: SSL session context: per-thread
2026-06-05 17:35:36,528 INFO o.a.j.t.JMeterThread: Thread is done: Shopping Flow Thread Group 1-1
2026-06-05 17:35:36,528 INFO o.a.j.t.JMeterThread: Thread finished: Shopping Flow Thread Group 1-1
2026-06-05 17:35:37,548 INFO o.a.j.t.JMeterThread: Thread started: Shopping Flow Thread Group 1-2
2026-06-05 17:35:38,399 INFO o.a.j.t.JMeterThread: Thread is done: Shopping Flow Thread Group 1-2
2026-06-05 17:35:38,399 INFO o.a.j.t.JMeterThread: Thread finished: Shopping Flow Thread Group 1-2
2026-06-05 17:35:39,559 INFO o.a.j.t.JMeterThread: Thread started: Shopping Flow Thread Group 1-3
2026-06-05 17:35:40,788 INFO o.a.j.t.JMeterThread: Thread is done: Shopping Flow Thread Group 1-3
2026-06-05 17:35:40,788 INFO o.a.j.t.JMeterThread: Thread finished: Shopping Flow Thread Group 1-3
2026-06-05 17:35:41,547 INFO o.a.j.t.JMeterThread: Thread started: Shopping Flow Thread Group 1-4
2026-06-05 17:35:42,488 INFO o.a.j.t.JMeterThread: Thread is done: Shopping Flow Thread Group 1-4
2026-06-05 17:35:42,488 INFO o.a.j.t.JMeterThread: Thread finished: Shopping Flow Thread Group 1-4
2026-06-05 17:35:43,546 INFO o.a.j.t.JMeterThread: Thread started: Shopping Flow Thread Group 1-5
2026-06-05 17:35:44,460 INFO o.a.j.t.JMeterThread: Thread is done: Shopping Flow Thread Group 1-5
2026-06-05 17:35:44,460 INFO o.a.j.t.JMeterThread: Thread finished: Shopping Flow Thread Group 1-5
2026-06-05 17:35:45,546 INFO o.a.j.t.JMeterThread: Thread started: Shopping Flow Thread Group 1-6
2026-06-05 17:35:46,425 INFO o.a.j.t.JMeterThread: Thread is done: Shopping Flow Thread Group 1-6
2026-06-05 17:35:46,425 INFO o.a.j.t.JMeterThread: Thread finished: Shopping Flow Thread Group 1-6
2026-06-05 17:35:47,547 INFO o.a.j.t.JMeterThread: Thread started: Shopping Flow Thread Group 1-7
2026-06-05 17:35:48,463 INFO o.a.j.t.JMeterThread: Thread is done: Shopping Flow Thread Group 1-7
2026-06-05 17:35:48,464 INFO o.a.j.t.JMeterThread: Thread finished: Shopping Flow Thread Group 1-7
2026-06-05 17:35:49,558 INFO o.a.j.t.JMeterThread: Thread started: Shopping Flow Thread Group 1-8
2026-06-05 17:35:50,489 INFO o.a.j.t.JMeterThread: Thread is done: Shopping Flow Thread Group 1-8
2026-06-05 17:35:50,489 INFO o.a.j.t.JMeterThread: Thread finished: Shopping Flow Thread Group 1-8
2026-06-05 17:35:51,545 INFO o.a.j.t.JMeterThread: Thread started: Shopping Flow Thread Group 1-9
2026-06-05 17:35:52,303 INFO o.a.j.t.JMeterThread: Thread is done: Shopping Flow Thread Group 1-9
2026-06-05 17:35:52,303 INFO o.a.j.t.JMeterThread: Thread finished: Shopping Flow Thread Group 1-9
2026-06-05 17:35:53,546 INFO o.a.j.t.JMeterThread: Thread started: Shopping Flow Thread Group 1-10
2026-06-05 17:35:54,297 INFO o.a.j.t.JMeterThread: Thread is done: Shopping Flow Thread Group 1-10
2026-06-05 17:35:54,297 INFO o.a.j.t.JMeterThread: Thread finished: Shopping Flow Thread Group 1-10
2026-06-05 17:35:54,297 INFO o.a.j.e.StandardJMeterEngine: Notifying test listeners of end of test
2026-06-05 17:35:54,298 INFO o.a.j.r.Summariser: summary +    249 in 00:00:19 =   13.4/s Avg:    35 Min:     9 Max:   105 Err:     0 (0.00%) Active: 0 Started: 10 Finished: 10
2026-06-05 17:35:54,298 INFO o.a.j.r.Summariser: summary =    250 in 00:00:19 =   13.3/s Avg:    35 Min:     9 Max:   105 Err:     0 (0.00%)
2026-06-05 17:35:54,298 INFO o.a.j.JMeter: Generating Dashboard
2026-06-05 17:35:54,298 INFO o.a.j.r.d.ReportGenerator: Flushing result collector before report Generation
2026-06-05 17:35:54,306 INFO o.a.j.r.p.NormalizerSampleConsumer: Using format, 'ms', to parse timeStamp field
2026-06-05 17:35:55,615 INFO o.a.j.r.p.AbstractSampleConsumer: class org.apache.jmeter.report.processor.AggregateConsumer#stopProducing(): beginDate produced 0 samples
2026-06-05 17:35:55,615 INFO o.a.j.r.p.AbstractSampleConsumer: class org.apache.jmeter.report.processor.AggregateConsumer#stopProducing(): endDate produced 0 samples
2026-06-05 17:35:55,618 INFO o.a.j.r.p.AbstractSampleConsumer: class org.apache.jmeter.report.processor.ApdexSummaryConsumer#stopProducing(): apdexSummary produced 0 samples
2026-06-05 17:35:55,618 INFO o.a.j.r.p.AbstractSampleConsumer: class org.apache.jmeter.report.processor.RequestsSummaryConsumer#stopProducing(): requestsSummary produced 0 samples
2026-06-05 17:35:55,621 INFO o.a.j.r.p.AbstractSampleConsumer: class org.apache.jmeter.report.processor.StatisticsSummaryConsumer#stopProducing(): statisticsSummary produced 0 samples
2026-06-05 17:35:55,626 INFO o.a.j.r.p.AbstractSampleConsumer: class org.apache.jmeter.report.processor.Top5ErrorsBySamplerConsumer#stopProducing(): top5ErrorsBySampler produced 0 samples
2026-06-05 17:35:55,626 INFO o.a.j.r.p.AbstractSampleConsumer: class org.apache.jmeter.report.processor.ErrorsSummaryConsumer#stopProducing(): errorsSummary produced 0 samples
2026-06-05 17:35:55,626 INFO o.a.j.r.p.AbstractSampleConsumer: class org.apache.jmeter.report.processor.graph.impl.HitsPerSecondGraphConsumer#stopProducing(): hitsPerSecond produced 0 samples
2026-06-05 17:35:55,641 INFO o.a.j.r.p.AbstractSampleConsumer: class org.apache.jmeter.report.processor.graph.impl.LatencyVSRequestGraphConsumer#stopProducing(): latencyVsRequest produced 0 samples
2026-06-05 17:35:55,642 INFO o.a.j.r.p.AbstractSampleConsumer: class org.apache.jmeter.report.processor.graph.impl.SyntheticResponseTimeDistributionGraphConsumer#stopProducing(): syntheticResponseTimeDistribution produced 0 samples
2026-06-05 17:35:55,642 INFO o.a.j.r.p.AbstractSampleConsumer: class org.apache.jmeter.report.processor.graph.impl.BytesThroughputGraphConsumer#stopProducing(): bytesThroughputOverTime produced 0 samples
2026-06-05 17:35:55,642 INFO o.a.j.r.p.AbstractSampleConsumer: class org.apache.jmeter.report.processor.graph.impl.CodesPerSecondGraphConsumer#stopProducing(): codesPerSecond produced 0 samples
2026-06-05 17:35:55,648 INFO o.a.j.r.p.AbstractSampleConsumer: class org.apache.jmeter.report.processor.graph.impl.ResponseTimeVSRequestGraphConsumer#stopProducing(): responseTimeVsRequest produced 0 samples
2026-06-05 17:35:55,649 INFO o.a.j.r.p.AbstractSampleConsumer: class org.apache.jmeter.report.processor.FilterConsumer#stopProducing(): startIntervalControlerFilter produced 2450 samples
2026-06-05 17:35:55,649 INFO o.a.j.r.p.AbstractSampleConsumer: class org.apache.jmeter.report.processor.graph.impl.TotalTPSGraphConsumer#stopProducing(): totalTPS produced 0 samples
2026-06-05 17:35:55,649 INFO o.a.j.r.p.AbstractSampleConsumer: class org.apache.jmeter.report.processor.graph.impl.ActiveThreadsGraphConsumer#stopProducing(): activeThreadsOverTime produced 0 samples
2026-06-05 17:35:55,649 INFO o.a.j.r.p.AbstractSampleConsumer: class org.apache.jmeter.report.processor.graph.impl.TimeVSThreadGraphConsumer#stopProducing(): timeVsThreads produced 0 samples
2026-06-05 17:35:55,649 INFO o.a.j.r.p.AbstractSampleConsumer: class org.apache.jmeter.report.processor.graph.impl.ResponseTimeDistributionGraphConsumer#stopProducing(): responseTimeDistribution produced 0 samples
2026-06-05 17:35:55,650 INFO o.a.j.r.p.AbstractSampleConsumer: class org.apache.jmeter.report.processor.graph.impl.TransactionsPerSecondGraphConsumer#stopProducing(): transactionsPerSecond produced 0 samples
2026-06-05 17:35:55,650 INFO o.a.j.r.p.AbstractSampleConsumer: class org.apache.jmeter.report.processor.graph.impl.ResponseTimePercentilesGraphConsumer#stopProducing(): responseTimePercentiles produced 0 samples
2026-06-05 17:35:55,651 INFO o.a.j.r.p.AbstractSampleConsumer: class org.apache.jmeter.report.processor.graph.impl.ResponseTimePercentilesOverTimeGraphConsumer#stopProducing(): responseTimePercentilesOverTime produced 0 samples
2026-06-05 17:35:55,651 INFO o.a.j.r.p.AbstractSampleConsumer: class org.apache.jmeter.report.processor.graph.impl.ResponseTimeOverTimeGraphConsumer#stopProducing(): responseTimesOverTime produced 0 samples
2026-06-05 17:35:55,651 INFO o.a.j.r.p.AbstractSampleConsumer: class org.apache.jmeter.report.processor.graph.impl.ConnectTimeOverTimeGraphConsumer#stopProducing(): connectTimeOverTime produced 0 samples
2026-06-05 17:35:55,651 INFO o.a.j.r.p.AbstractSampleConsumer: class org.apache.jmeter.report.processor.graph.impl.LatencyOverTimeGraphConsumer#stopProducing(): latenciesOverTime produced 0 samples
2026-06-05 17:35:55,652 INFO o.a.j.r.p.AbstractSampleConsumer: class org.apache.jmeter.report.processor.FilterConsumer#stopProducing(): nameFilter produced 5250 samples
2026-06-05 17:35:55,652 INFO o.a.j.r.p.AbstractSampleConsumer: class org.apache.jmeter.report.processor.FilterConsumer#stopProducing(): dateRangeFilter produced 1050 samples
2026-06-05 17:35:55,652 INFO o.a.j.r.p.AbstractSampleConsumer: class org.apache.jmeter.report.processor.NormalizerSampleConsumer#stopProducing(): normalizer produced 350 samples
2026-06-05 17:35:55,652 INFO o.a.j.r.p.CsvFileSampleSource: produce(): 350 samples produced in 1s 318 ms on channel 0
2026-06-05 17:35:55,652 INFO o.a.j.r.d.ReportGenerator: Exporting data using exporter:'json' of className:'org.apache.jmeter.report.dashboard.JsonExporter'
2026-06-05 17:35:55,653 INFO o.a.j.r.d.JsonExporter: Found data for consumer statisticsSummary?in context
2026-06-05 17:35:55,654 INFO o.a.j.r.d.JsonExporter: Creating statistics for overall
2026-06-05 17:35:55,654 INFO o.a.j.r.d.JsonExporter: Creating statistics for other transactions
2026-06-05 17:35:55,654 INFO o.a.j.r.d.JsonExporter: Checking output folder
2026-06-05 17:35:55,655 INFO o.a.j.r.d.JsonExporter: Writing statistics JSON to D:\Study\SoftwareTesting\FinalProject\data\phase3\jmeter\normal-001\html-report\statistics.json
2026-06-05 17:35:55,801 INFO o.a.j.r.d.ReportGenerator: Exporting data using exporter:'html' of className:'org.apache.jmeter.report.dashboard.HtmlTemplateExporter'
2026-06-05 17:35:55,803 INFO o.a.j.r.d.HtmlTemplateExporter: Will generate dashboard in folder: D:\Study\SoftwareTesting\FinalProject\data\phase3\jmeter\normal-001\html-report
2026-06-05 17:35:55,879 INFO o.a.j.r.d.HtmlTemplateExporter: Report will be generated in: D:\Study\SoftwareTesting\FinalProject\data\phase3\jmeter\normal-001\html-report, creating folder structure
2026-06-05 17:35:55,881 INFO o.a.j.r.d.TemplateVisitor: Copying folder from 'D:\Study\jmeter\apache-jmeter-5.1.1\bin\report-template' to 'D:\Study\SoftwareTesting\FinalProject\data\phase3\jmeter\normal-001\html-report', got message:[D:\Study\SoftwareTesting\FinalProject\data\phase3\jmeter\normal-001\html-report\statistics.json], found non empty folder with following content {}, will be ignored
2026-06-05 17:35:56,233 INFO o.a.j.JMeter: Dashboard generated
